==69711== Helgrind, a thread error detector
==69711== Copyright (C) 2007-2017, and GNU GPL'd, by OpenWorks LLP et al.
==69711== Using Valgrind-3.18.1 and LibVEX; rerun with -h for copyright info
==69711== Command: ./philo 10 800 200 200 10
==69711== Parent PID: 69262
==69711== 
==69711== 
==69711== Use --history-level=approx or =none to gain increased speed, at
==69711== the cost of reduced accuracy of conflicting-access information
==69711== For lists of detected and suppressed errors, rerun with: -s
==69711== ERROR SUMMARY: 0 errors from 0 contexts (suppressed: 519719 from 105)
g
107 4 is thinking
109 6 is thinking
206 1 is sleeping
206 2 has taken a fork
206 7 is sleeping
206 8 has taken a fork
206 5 is sleeping
207 9 is sleeping
207 8 is eating
207 10 has taken a fork
207 10 is eating
208 6 has taken a fork
208 6 is eating
209 3 is sleeping
209 2 is eating
209 4 has taken a fork
209 4 is eating
406 5 is thinking
406 1 is thinking
406 7 is thinking
407 9 is thinking
407 10 is sleeping
408 8 is sleeping
408 9 has taken a fork
408 9 is eating
408 7 has taken a fork
409 6 is sleeping
409 2 is sleeping
409 7 is eating
409 4 is sleeping
409 1 has taken a fork
409 1 is eating
410 5 has taken a fork
410 5 is eating
410 3 is thinking
410 3 has taken a fork
410 3 is eating
607 10 is thinking
608 10 has taken a fork
608 8 is thinking
608 9 is sleeping
609 4 is thinking
609 6 is thinking
609 2 is thinking
609 7 is sleeping
609 1 is sleeping
610 8 has taken a fork
610 8 is eating
610 10 is eating
611 3 is sleeping
611 2 has taken a fork
611 2 is eating
611 5 is sleeping
612 4 has taken a fork
612 4 is eating
612 6 has taken a fork
612 6 is eating
808 9 is thinking
809 7 is thinking
810 8 is sleeping
810 1 is thinking
810 7 has taken a fork
811 5 is thinking
811 3 is thinking
811 2 is sleeping
811 10 is sleeping
812 6 is sleeping
812 4 is sleeping
812 3 has taken a fork
812 3 is eating
813 1 has taken a fork
813 1 is eating
813 5 has taken a fork
813 5 is eating
813 9 has taken a fork
813 9 is eating
813 7 is eating
1010 8 is thinking
1011 2 is thinking
1012 10 is thinking
1012 4 is thinking
1012 3 is sleeping
1012 6 is thinking
1013 4 has taken a fork
1013 9 is sleeping
1013 1 is sleeping
1013 7 is sleeping
1013 2 has taken a fork
1013 2 is eating
1014 5 is sleeping
1014 10 has taken a fork
1014 10 is eating
1014 4 is eating
1014 8 has taken a fork
1015 8 is eating
1015 6 has taken a fork
1015 6 is eating
1212 3 is thinking
1213 1 is thinking
1213 9 is thinking
1213 7 is thinking
1214 4 is sleeping
1214 2 is sleeping
1214 10 is sleeping
1214 9 has taken a fork
1214 3 has taken a fork
1214 3 is eating
1215 5 is thinking
1215 8 is sleeping
1215 1 has taken a fork
1215 1 is eating
1215 7 has taken a fork
1216 9 is eating
1216 6 is sleeping
1216 5 has taken a fork
1216 5 is eating
1216 7 is eating
1414 3 is sleeping
1414 10 is thinking
1414 4 is thinking
1414 4 has taken a fork
1415 2 is thinking
1415 1 is sleeping
1415 8 is thinking
1415 2 has taken a fork
1416 2 is eating
1416 7 is sleeping
1416 9 is sleeping
1416 6 is thinking
1416 8 has taken a fork
1416 8 is eating
1417 5 is sleeping
1417 10 has taken a fork
1417 10 is eating
1417 4 is eating
1417 6 has taken a fork
1417 6 is eating
1614 3 is thinking
1615 1 is thinking
1616 1 has taken a fork
1616 7 is thinking
1616 2 is sleeping
1616 9 is thinking
1616 8 is sleeping
1617 10 is sleeping
1617 6 is sleeping
1617 5 is thinking
1617 5 has taken a fork
1617 9 has taken a fork
1618 9 is eating
1618 7 has taken a fork
1618 7 is eating
1618 1 is eating
1618 4 is sleeping
1619 3 has taken a fork
1619 3 is eating
1619 5 is eating
1816 2 is thinking
1816 8 is thinking
1817 10 is thinking
1817 6 is thinking
1818 1 is sleeping
1818 4 is thinking
1818 2 has taken a fork
1819 9 is sleeping
1819 10 has taken a fork
1819 10 is eating
1819 5 is sleeping
1819 8 has taken a fork
1819 8 is eating
1819 3 is sleeping
1819 6 has taken a fork
1820 6 is eating
1820 2 is eating
1820 7 is sleeping
1820 4 has taken a fork
1820 4 is eating
2018 1 is thinking
2019 3 is thinking
2019 5 is thinking
2019 9 is thinking
2019 8 is sleeping
2019 10 is sleeping
2020 2 is sleeping
2020 6 is sleeping
2020 9 has taken a fork
2020 9 is eating
2020 1 has taken a fork
2020 1 is eating
2021 4 is sleeping
2021 7 is thinking
2021 7 has taken a fork
2021 7 is eating
2021 5 has taken a fork
2021 5 is eating
2022 3 has taken a fork
2023 3 is eating
2219 8 is thinking
2220 10 is thinking
2220 6 is thinking
2220 2 is thinking
2221 9 is sleeping
2221 4 is thinking
2221 1 is sleeping
2221 2 has taken a fork
2221 10 has taken a fork
2221 10 is eating
2222 8 has taken a fork
2222 8 is eating
2222 7 is sleeping
2223 5 is sleeping
2223 6 has taken a fork
2223 6 is eating
2223 3 is sleeping
2223 2 is eating
2224 4 has taken a fork
2224 4 is eating
2421 1 is thinking
2421 10 is sleeping
2422 9 is thinking
2422 9 has taken a fork
2422 8 is sleeping
2422 7 is thinking
2422 7 has taken a fork
2422 9 is eating
2423 5 is thinking
2423 3 is thinking
2423 6 is sleeping
2423 2 is sleeping
2423 7 is eating
2424 5 has taken a fork
2424 1 has taken a fork
2424 1 is eating
2425 3 has taken a fork
2425 3 is eating
2425 4 is sleeping
2425 5 is eating
2621 10 is thinking
2622 8 is thinking
2622 9 is sleeping
2622 10 has taken a fork
2623 6 is thinking
2623 2 is thinking
2623 7 is sleeping
2624 8 has taken a fork
2624 8 is eating
2624 1 is sleeping
2624 10 is eating
2624 2 has taken a fork
2625 5 is sleeping
2625 4 is thinking
2625 6 has taken a fork
2625 6 is eating
2626 3 is sleeping
2626 2 is eating
2626 4 has taken a fork
2626 4 is eating
2822 9 is thinking
2823 7 is thinking
2824 1 is thinking
2824 8 is sleeping
2824 10 is sleeping
2825 6 is sleeping
2825 9 has taken a fork
2825 9 is eating
2825 5 is thinking
2825 5 has taken a fork
2825 7 has taken a fork
2825 7 is eating
2826 2 is sleeping
2826 4 is sleeping
2826 3 is thinking
2826 3 has taken a fork
2826 3 is eating
2826 1 has taken a fork
2826 1 is eating
2827 5 is eating
3024 10 is thinking
3024 8 is thinking
3025 9 is sleeping
3025 6 is thinking
3025 7 is sleeping
3025 10 has taken a fork
3026 1 is sleeping
3026 2 is thinking
3026 2 has taken a fork
3026 4 is thinking
3026 10 is eating
3026 8 has taken a fork
3027 8 is eating
3027 3 is sleeping
3027 5 is sleeping
3027 2 is eating
3027 4 has taken a fork
3027 4 is eating
3027 6 has taken a fork
3027 6 is eating
3225 7 is thinking
3225 9 is thinking
3226 10 is sleeping
3226 1 is thinking
3226 9 has taken a fork
3227 4 is sleeping
3227 2 is sleeping
3227 8 is sleeping
3228 3 is thinking
3228 3 has taken a fork
3228 3 is eating
3228 1 has taken a fork
3228 1 is eating
3228 6 is sleeping
3228 7 has taken a fork
3228 7 is eating
3228 5 is thinking
3229 5 has taken a fork
3229 5 is eating
3229 9 is eating
3426 10 is thinking
3427 4 is thinking
3428 6 is thinking
3428 8 is thinking
3428 1 is sleeping
3428 7 is sleeping
3428 2 is thinking
3429 2 has taken a fork
3429 2 is eating
3429 3 is sleeping
3429 9 is sleeping
3429 8 has taken a fork
3429 8 is eating
3429 4 has taken a fork
3429 4 is eating
3430 10 has taken a fork
3430 10 is eating
3430 5 is sleeping
3430 6 has taken a fork
3430 6 is eating
3628 1 is thinking
3628 7 is thinking
3629 9 is thinking
3629 3 is thinking
3629 8 is sleeping
3629 2 is sleeping
3629 1 has taken a fork
3630 7 has taken a fork
3630 4 is sleeping
3630 10 is sleeping
3630 6 is sleeping
3630 9 has taken a fork
3631 9 is eating
3631 1 is eating
3631 3 has taken a fork
3631 3 is eating
3631 5 is thinking
3631 5 has taken a fork
3632 5 is eating
3632 7 is eating
3829 2 is thinking
3829 8 is thinking
3830 10 is thinking
3830 6 is thinking
3830 4 is thinking
3831 3 is sleeping
3831 1 is sleeping
3831 9 is sleeping
3831 4 has taken a fork
3831 2 has taken a fork
3831 2 is eating
3832 10 has taken a fork
3832 10 is eating
3832 7 is sleeping
3832 5 is sleeping
3832 4 is eating
3833 8 has taken a fork
3833 8 is eating
3833 6 has taken a fork
3833 6 is eating
4031 9 is thinking
4031 1 is thinking
4031 3 is thinking
4031 2 is sleeping
4032 10 is sleeping
4032 1 has taken a fork
4032 1 is eating
4032 5 is thinking
4032 7 is thinking
4032 9 has taken a fork
4033 6 is sleeping
4033 8 is sleeping
4033 5 has taken a fork
4033 7 has taken a fork
4033 7 is eating
4033 9 is eating
-----------------------------------------------------
-----------------------------------------------------
