==69371== Helgrind, a thread error detector
==69371== Copyright (C) 2007-2017, and GNU GPL'd, by OpenWorks LLP et al.
==69371== Using Valgrind-3.18.1 and LibVEX; rerun with -h for copyright info
==69371== Command: ./philo 4 80 20 20 10
==69371== Parent PID: 69262
==69371== 
==69371== 
==69371== Use --history-level=approx or =none to gain increased speed, at
==69371== the cost of reduced accuracy of conflicting-access information
==69371== For lists of detected and suppressed errors, rerun with: -s
==69371== ERROR SUMMARY: 0 errors from 0 contexts (suppressed: 46197 from 95)
ken a fork
47 2 is sleeping
47 1 has taken a fork
47 1 is eating
47 3 is eating
66 4 is thinking
67 1 is sleeping
67 2 is thinking
67 2 has taken a fork
67 3 is sleeping
68 2 is eating
68 4 has taken a fork
68 4 is eating
87 1 is thinking
88 3 is thinking
88 2 is sleeping
88 1 has taken a fork
88 4 is sleeping
89 3 has taken a fork
89 3 is eating
89 1 is eating
108 4 is thinking
108 2 is thinking
109 1 is sleeping
109 3 is sleeping
109 2 has taken a fork
109 2 is eating
109 4 has taken a fork
110 4 is eating
129 1 is thinking
129 2 is sleeping
129 3 is thinking
130 1 has taken a fork
130 4 is sleeping
130 3 has taken a fork
130 3 is eating
131 1 is eating
149 2 is thinking
150 4 is thinking
150 3 is sleeping
150 4 has taken a fork
151 1 is sleeping
151 4 is eating
151 2 has taken a fork
151 2 is eating
170 3 is thinking
171 2 is sleeping
171 4 is sleeping
171 1 is thinking
171 1 has taken a fork
171 1 is eating
171 3 has taken a fork
171 3 is eating
191 1 is sleeping
191 4 is thinking
191 2 is thinking
191 2 has taken a fork
191 3 is sleeping
191 2 is eating
191 4 has taken a fork
192 4 is eating
211 3 is thinking
211 2 is sleeping
211 1 is thinking
211 1 has taken a fork
212 4 is sleeping
212 3 has taken a fork
212 3 is eating
212 1 is eating
231 2 is thinking
232 1 is sleeping
232 3 is sleeping
232 2 has taken a fork
232 2 is eating
232 4 is thinking
232 4 has taken a fork
232 4 is eating
252 3 is thinking
252 2 is sleeping
252 4 is sleeping
252 3 has taken a fork
253 3 is eating
253 1 is thinking
253 1 has taken a fork
253 1 is eating
272 2 is thinking
272 4 is thinking
273 1 is sleeping
273 2 has taken a fork
273 2 is eating
273 3 is sleeping
273 4 has taken a fork
273 4 is eating
293 3 is thinking
293 1 is thinking
293 2 is sleeping
293 3 has taken a fork
293 3 is eating
294 4 is sleeping
294 1 has taken a fork
294 1 is eating
313 2 is thinking
313 3 is sleeping
314 4 is thinking
314 4 has taken a fork
314 1 is sleeping
314 4 is eating
314 2 has taken a fork
314 2 is eating
333 3 is thinking
334 1 is thinking
334 2 is sleeping
334 1 has taken a fork
334 4 is sleeping
334 3 has taken a fork
334 3 is eating
334 1 is eating
354 3 is sleeping
354 2 is thinking
354 4 is thinking
354 4 has taken a fork
355 1 is sleeping
355 4 is eating
355 2 has taken a fork
355 2 is eating
374 3 is thinking
375 1 is thinking
375 2 is sleeping
375 3 has taken a fork
375 3 is eating
375 4 is sleeping
375 1 has taken a fork
375 1 is eating
395 3 is sleeping
395 4 is thinking
395 4 has taken a fork
395 2 is thinking
396 1 is sleeping
396 4 is eating
396 2 has taken a fork
396 2 is eating
415 3 is thinking
416 2 is sleeping
416 1 is thinking
416 1 has taken a fork
416 4 is sleeping
-----------------------------------------------------
-----------------------------------------------------
