==69497== Helgrind, a thread error detector
==69497== Copyright (C) 2007-2017, and GNU GPL'd, by OpenWorks LLP et al.
==69497== Using Valgrind-3.18.1 and LibVEX; rerun with -h for copyright info
==69497== Command: ./philo 4 800 200 200 10
==69497== Parent PID: 69262
==69497== 
==69497== 
==69497== Use --history-level=approx or =none to gain increased speed, at
==69497== the cost of reduced accuracy of conflicting-access information
==69497== For lists of detected and suppressed errors, rerun with: -s
==69497== ERROR SUMMARY: 0 errors from 0 contexts (suppressed: 456826 from 102)
8 1 is thinking
408 1 has taken a fork
408 1 is eating
409 3 has taken a fork
409 3 is eating
608 4 is thinking
608 2 is thinking
609 1 is sleeping
609 2 has taken a fork
609 2 is eating
609 3 is sleeping
609 4 has taken a fork
609 4 is eating
809 3 is thinking
809 4 is sleeping
809 1 is thinking
809 2 is sleeping
809 1 has taken a fork
809 1 is eating
810 3 has taken a fork
810 3 is eating
1009 4 is thinking
1009 2 is thinking
1009 1 is sleeping
1010 2 has taken a fork
1010 3 is sleeping
1010 2 is eating
1010 4 has taken a fork
1010 4 is eating
1209 1 is thinking
1210 4 is sleeping
1210 3 is thinking
1210 3 has taken a fork
1210 2 is sleeping
1210 1 has taken a fork
1210 1 is eating
1211 3 is eating
1410 4 is thinking
1410 2 is thinking
1410 1 is sleeping
1410 2 has taken a fork
1411 3 is sleeping
1411 2 is eating
1411 4 has taken a fork
1411 4 is eating
1610 1 is thinking
1611 4 is sleeping
1611 3 is thinking
1611 3 has taken a fork
1611 2 is sleeping
1611 1 has taken a fork
1611 1 is eating
1611 3 is eating
1811 2 is thinking
1811 4 is thinking
1811 3 is sleeping
1811 1 is sleeping
1811 4 has taken a fork
1811 4 is eating
1811 2 has taken a fork
1812 2 is eating
2011 4 is sleeping
2011 1 is thinking
2011 3 is thinking
2011 3 has taken a fork
2012 2 is sleeping
2012 1 has taken a fork
2012 1 is eating
2012 3 is eating
2211 4 is thinking
2212 1 is sleeping
2212 3 is sleeping
2212 2 is thinking
2212 2 has taken a fork
2212 2 is eating
2212 4 has taken a fork
2212 4 is eating
2412 4 is sleeping
2412 1 is thinking
2412 3 is thinking
2412 3 has taken a fork
2412 2 is sleeping
2412 1 has taken a fork
2412 1 is eating
2413 3 is eating
2612 4 is thinking
2612 1 is sleeping
2612 2 is thinking
2612 2 has taken a fork
2613 3 is sleeping
2613 2 is eating
2613 4 has taken a fork
2613 4 is eating
2812 1 is thinking
2813 3 is thinking
2813 4 is sleeping
2813 1 has taken a fork
2813 1 is eating
2813 2 is sleeping
2813 3 has taken a fork
2813 3 is eating
3013 2 is thinking
3013 3 is sleeping
3013 4 is thinking
3013 4 has taken a fork
3013 1 is sleeping
3013 4 is eating
3014 2 has taken a fork
3014 2 is eating
3213 1 is thinking
3213 3 is thinking
3214 4 is sleeping
3214 3 has taken a fork
3214 2 is sleeping
3214 1 has taken a fork
3214 1 is eating
3215 3 is eating
3414 1 is sleeping
3414 4 is thinking
3414 2 is thinking
3414 2 has taken a fork
3415 3 is sleeping
3415 2 is eating
3415 4 has taken a fork
3415 4 is eating
3614 1 is thinking
3615 4 is sleeping
3615 3 is thinking
3615 3 has taken a fork
3615 2 is sleeping
3615 1 has taken a fork
3615 1 is eating
3616 3 is eating
3815 1 is sleeping
3815 2 is thinking
3815 2 has taken a fork
3815 4 is thinking
3816 3 is sleeping
3816 2 is eating
3816 4 has taken a fork
3816 4 is eating
4015 1 is thinking
4016 4 is sleeping
4016 3 is thinking
4016 3 has taken a fork
-----------------------------------------------------
-----------------------------------------------------
