==69825== Helgrind, a thread error detector
==69825== Copyright (C) 2007-2017, and GNU GPL'd, by OpenWorks LLP et al.
==69825== Using Valgrind-3.18.1 and LibVEX; rerun with -h for copyright info
==69825== Command: ./philo 20 800 200 200 10
==69825== Parent PID: 69262
==69825== 
==69825== 
==69825== Use --history-level=approx or =none to gain increased speed, at
==69825== the cost of reduced accuracy of conflicting-access information
==69825== For lists of detected and suppressed errors, rerun with: -s
==69825== ERROR SUMMARY: 0 errors from 0 contexts (suppressed: 488467 from 105)
is eating
10 9 is thinking
10 9 has taken a fork
10 9 is eating
10 1 is thinking
10 1 has taken a fork
10 1 is eating
11 11 is thinking
11 11 has taken a fork
11 11 is eating
11 5 is thinking
11 5 has taken a fork
11 5 is eating
107 18 is thinking
108 20 is thinking
108 16 is thinking
109 14 is thinking
109 12 is thinking
110 8 is thinking
110 10 is thinking
111 6 is thinking
111 4 is thinking
114 2 is thinking
207 7 is sleeping
208 19 is sleeping
209 20 has taken a fork
210 8 has taken a fork
210 8 is eating
211 13 is sleeping
211 14 has taken a fork
211 14 is eating
211 15 is sleeping
212 16 has taken a fork
212 16 is eating
215 17 is sleeping
215 18 has taken a fork
216 18 is eating
216 20 is eating
216 1 is sleeping
217 2 has taken a fork
217 2 is eating
217 9 is sleeping
217 10 has taken a fork
217 10 is eating
218 5 is sleeping
218 6 has taken a fork
218 6 is eating
218 11 is sleeping
219 12 has taken a fork
219 12 is eating
220 3 is sleeping
220 4 has taken a fork
220 4 is eating
407 7 is thinking
408 19 is thinking
411 13 is thinking
412 14 is sleeping
412 8 is sleeping
413 7 has taken a fork
413 15 is thinking
413 13 has taken a fork
414 15 has taken a fork
414 15 is eating
415 16 is sleeping
415 17 is thinking
416 18 is sleeping
416 1 is thinking
417 17 has taken a fork
417 17 is eating
417 9 is thinking
417 2 is sleeping
418 20 is sleeping
418 19 has taken a fork
418 19 is eating
418 11 is thinking
418 10 is sleeping
419 6 is sleeping
419 5 is thinking
419 5 has taken a fork
419 12 is sleeping
420 7 is eating
420 3 is thinking
420 4 is sleeping
420 9 has taken a fork
420 9 is eating
420 13 is eating
421 1 has taken a fork
421 1 is eating
421 3 has taken a fork
422 3 is eating
422 11 has taken a fork
422 11 is eating
422 5 is eating
612 14 is thinking
613 8 is thinking
614 15 is sleeping
615 16 is thinking
615 16 has taken a fork
616 18 is thinking
617 17 is sleeping
617 2 is thinking
618 16 is eating
618 18 has taken a fork
618 19 is sleeping
618 20 is thinking
618 20 has taken a fork
619 10 is thinking
619 6 is thinking
619 18 is eating
620 12 is thinking
620 9 is sleeping
620 7 is sleeping
621 13 is sleeping
621 10 has taken a fork
621 1 is sleeping
621 8 has taken a fork
621 8 is eating
621 4 is thinking
622 14 has taken a fork
622 14 is eating
622 3 is sleeping
623 11 is sleeping
623 4 has taken a fork
623 20 is eating
623 2 has taken a fork
623 2 is eating
624 10 is eating
624 5 is sleeping
624 4 is eating
625 12 has taken a fork
625 12 is eating
626 6 has taken a fork
626 6 is eating
814 15 is thinking
818 19 is thinking
818 17 is thinking
818 16 is sleeping
819 15 has taken a fork
819 18 is sleeping
820 7 is thinking
820 9 is thinking
821 17 has taken a fork
821 17 is eating
821 13 is thinking
821 8 is sleeping
821 1 is thinking
822 3 is thinking
822 14 is sleeping
823 7 has taken a fork
823 13 has taken a fork
823 2 is sleeping
823 11 is thinking
824 15 is eating
824 5 is thinking
824 10 is sleeping
825 20 is sleeping
825 4 is sleeping
825 9 has taken a fork
825 9 is eating
826 19 has taken a fork
826 19 is eating
826 6 is sleeping
826 1 has taken a fork
827 1 is eating
828 5 has taken a fork
828 5 is eating
828 7 is eating
828 3 has taken a fork
828 3 is eating
829 12 is sleeping
829 11 has taken a fork
829 11 is eating
829 13 is eating
1018 16 is thinking
1019 18 is thinking
1021 17 is sleeping
1021 8 is thinking
1022 18 has taken a fork
1022 14 is thinking
1023 2 is thinking
1024 10 is thinking
1024 15 is sleeping
1025 4 is thinking
1025 20 is thinking
1025 16 has taken a fork
1025 16 is eating
1026 9 is sleeping
1026 10 has taken a fork
1026 6 is thinking
1027 19 is sleeping
1027 1 is sleeping
1027 18 is eating
1027 20 has taken a fork
1027 20 is eating
1028 7 is sleeping
1028 2 has taken a fork
1029 5 is sleeping
1030 10 is eating
1031 3 is sleeping
1031 12 is thinking
1031 12 has taken a fork
1031 12 is eating
1029 11 is sleeping
1032 14 has taken a fork
1032 14 is eating
1032 2 is eating
1033 4 has taken a fork
1033 4 is eating
1029 8 has taken a fork
1033 8 is eating
1029 13 is sleeping
1030 6 has taken a fork
1034 6 is eating
1221 17 is thinking
1224 15 is thinking
1225 15 has taken a fork
1226 9 is thinking
1227 16 is sleeping
1227 19 is thinking
1228 1 is thinking
1228 7 is thinking
1228 20 is sleeping
1229 19 has taken a fork
1229 19 is eating
1229 17 has taken a fork
1229 17 is eating
1229 18 is sleeping
1230 5 is thinking
1230 10 is sleeping
1230 9 has taken a fork
1231 3 is thinking
1231 12 is sleeping
1232 11 is thinking
1232 11 has taken a fork
1232 11 is eating
1232 2 is sleeping
1232 14 is sleeping
1233 4 is sleeping
1233 15 is eating
1233 8 is sleeping
1233 3 has taken a fork
1233 3 is eating
1234 7 has taken a fork
1234 1 has taken a fork
1234 1 is eating
1235 9 is eating
1235 13 is thinking
1235 13 has taken a fork
1235 13 is eating
1235 6 is sleeping
1236 5 has taken a fork
1236 5 is eating
1236 7 is eating
1427 16 is thinking
1429 20 is thinking
1429 18 is thinking
1429 19 is sleeping
1430 10 is thinking
1430 17 is sleeping
1431 20 has taken a fork
1431 18 has taken a fork
1431 18 is eating
1432 12 is thinking
1432 14 is thinking
1432 11 is sleeping
1432 2 is thinking
1433 8 is thinking
1433 3 is sleeping
1433 15 is sleeping
1434 4 is thinking
1434 4 has taken a fork
1434 12 has taken a fork
1435 6 is thinking
1435 16 has taken a fork
1435 16 is eating
1435 13 is sleeping
1436 1 is sleeping
1436 9 is sleeping
1437 2 has taken a fork
1437 2 is eating
1437 14 has taken a fork
1437 14 is eating
1438 5 is sleeping
1438 20 is eating
1438 7 is sleeping
1438 12 is eating
1438 8 has taken a fork
1438 8 is eating
1439 10 has taken a fork
1439 10 is eating
1439 4 is eating
1439 6 has taken a fork
1439 6 is eating
1629 19 is thinking
1630 17 is thinking
1632 17 has taken a fork
1633 11 is thinking
1633 18 is sleeping
1633 15 is thinking
1633 3 is thinking
1635 13 is thinking
1636 16 is sleeping
1636 9 is thinking
1636 1 is thinking
1636 15 has taken a fork
1637 17 is eating
1637 2 is sleeping
1637 13 has taken a fork
1638 14 is sleeping
1638 15 is eating
1638 5 is thinking
1638 1 has taken a fork
1638 7 is thinking
1639 20 is sleeping
1640 12 is sleeping
1640 6 is sleeping
1640 10 is sleeping
1640 19 has taken a fork
1640 19 is eating
1640 1 is eating
1640 13 is eating
1641 11 has taken a fork
1641 11 is eating
1641 4 is sleeping
1641 8 is sleeping
1641 5 has taken a fork
1642 5 is eating
1642 3 has taken a fork
1642 3 is eating
1643 9 has taken a fork
1643 9 is eating
1643 7 has taken a fork
1643 7 is eating
1833 18 is thinking
1837 16 is thinking
1837 2 is thinking
1838 17 is sleeping
1838 14 is thinking
1838 15 is sleeping
1838 18 has taken a fork
1839 16 has taken a fork
1839 16 is eating
1840 6 is thinking
1840 20 is thinking
1840 10 is thinking
1840 19 is sleeping
1840 1 is sleeping
1840 13 is sleeping
1841 18 is eating
1841 20 has taken a fork
1841 20 is eating
1841 2 has taken a fork
1841 12 is thinking
1842 14 has taken a fork
1842 14 is eating
1842 11 is sleeping
1842 3 is sleeping
1843 5 is sleeping
1843 9 is sleeping
1843 4 is thinking
1843 4 has taken a fork
1843 4 is eating
1844 12 has taken a fork
1844 12 is eating
1844 8 is thinking
1844 2 is eating
1845 6 has taken a fork
1845 6 is eating
1845 10 has taken a fork
1845 10 is eating
1845 7 is sleeping
1845 8 has taken a fork
1845 8 is eating
2038 15 is thinking
2038 17 is thinking
2040 13 is thinking
2040 1 is thinking
2040 16 is sleeping
2041 18 is sleeping
2041 19 is thinking
2041 15 has taken a fork
2042 20 is sleeping
2042 3 is thinking
2042 17 has taken a fork
2042 17 is eating
2042 19 has taken a fork
2043 19 is eating
2043 9 is thinking
2043 13 has taken a fork
2043 14 is sleeping
2044 5 is thinking
2044 15 is eating
2044 2 is sleeping
2044 12 is sleeping
2044 11 is thinking
2044 11 has taken a fork
2045 4 is sleeping
2045 10 is sleeping
2047 1 has taken a fork
2047 1 is eating
2047 9 has taken a fork
2047 9 is eating
2047 5 has taken a fork
2047 5 is eating
2046 13 is eating
2046 7 is thinking
2048 7 has taken a fork
2049 7 is eating
2046 8 is sleeping
2046 3 has taken a fork
2050 3 is eating
2046 6 is sleeping
2046 11 is eating
2240 16 is thinking
2241 18 is thinking
2242 20 is thinking
2242 17 is sleeping
2243 18 has taken a fork
2243 19 is sleeping
2243 14 is thinking
2244 18 is eating
2244 20 has taken a fork
2244 12 is thinking
2244 15 is sleeping
2245 2 is thinking
2245 4 is thinking
2245 16 has taken a fork
2245 16 is eating
2246 10 is thinking
2247 9 is sleeping
2247 1 is sleeping
2247 5 is sleeping
2248 13 is sleeping
2248 20 is eating
2248 2 has taken a fork
2249 14 has taken a fork
2249 14 is eating
2249 7 is sleeping
2249 10 has taken a fork
2250 3 is sleeping
2250 8 is thinking
2250 8 has taken a fork
2250 8 is eating
2251 6 is thinking
2251 6 has taken a fork
2251 6 is eating
2251 11 is sleeping
2251 2 is eating
2252 10 is eating
2252 4 has taken a fork
2252 4 is eating
2252 12 has taken a fork
2252 12 is eating
2442 17 is thinking
2443 19 is thinking
2444 18 is sleeping
2444 15 is thinking
2445 17 has taken a fork
2446 15 has taken a fork
2446 16 is sleeping
2446 17 is eating
2447 5 is thinking
2447 9 is thinking
2447 1 is thinking
2448 20 is sleeping
2448 13 is thinking
2449 19 has taken a fork
2449 19 is eating
2449 7 is thinking
2449 14 is sleeping
2450 13 has taken a fork
2450 3 is thinking
2450 8 is sleeping
2450 15 is eating
2451 7 has taken a fork
2451 11 is thinking
2451 6 is sleeping
2452 4 is sleeping
2452 10 is sleeping
2453 7 is eating
2453 12 is sleeping
2453 5 has taken a fork
2453 5 is eating
2453 9 has taken a fork
2453 9 is eating
2453 2 is sleeping
2454 3 has taken a fork
2454 3 is eating
2454 11 has taken a fork
2454 11 is eating
2454 13 is eating
2455 1 has taken a fork
2455 1 is eating
2644 18 is thinking
2646 16 is thinking
2646 17 is sleeping
2647 18 has taken a fork
2648 20 is thinking
2649 19 is sleeping
2650 8 is thinking
2650 14 is thinking
2650 18 is eating
2650 20 has taken a fork
2651 6 is thinking
2652 15 is sleeping
2652 4 is thinking
2652 16 has taken a fork
2652 16 is eating
2653 12 is thinking
2653 9 is sleeping
2653 10 is thinking
2653 10 has taken a fork
2653 7 is sleeping
2654 5 is sleeping
2654 11 is sleeping
2654 3 is sleeping
2655 2 is thinking
2655 6 has taken a fork
2655 6 is eating
2655 10 is eating
2655 13 is sleeping
2656 1 is sleeping
2656 4 has taken a fork
2656 4 is eating
2656 12 has taken a fork
2656 12 is eating
2657 20 is eating
2657 8 has taken a fork
2657 8 is eating
2657 2 has taken a fork
2657 2 is eating
2658 14 has taken a fork
2658 14 is eating
2846 17 is thinking
2849 19 is thinking
2851 18 is sleeping
2851 17 has taken a fork
2852 15 is thinking
2853 7 is thinking
2853 9 is thinking
2854 3 is thinking
2854 11 is thinking
2854 5 is thinking
2854 15 has taken a fork
2855 16 is sleeping
2855 17 is eating
2855 6 is sleeping
2855 10 is sleeping
2856 5 has taken a fork
2856 4 is sleeping
2856 13 is thinking
2856 1 is thinking
2857 20 is sleeping
2857 5 is eating
2857 8 is sleeping
2858 2 is sleeping
2858 3 has taken a fork
2858 3 is eating
2858 19 has taken a fork
2858 19 is eating
2859 9 has taken a fork
2859 9 is eating
2859 7 has taken a fork
2859 7 is eating
2859 14 is sleeping
2860 12 is sleeping
2860 1 has taken a fork
2860 1 is eating
2860 15 is eating
2861 13 has taken a fork
2861 13 is eating
2861 11 has taken a fork
2861 11 is eating
3051 18 is thinking
3055 16 is thinking
3055 10 is thinking
3055 6 is thinking
3056 17 is sleeping
3056 4 is thinking
3056 18 has taken a fork
3057 5 is sleeping
3058 8 is thinking
3058 20 is thinking
3058 3 is sleeping
3058 19 is sleeping
3058 6 has taken a fork
3058 2 is thinking
3058 4 has taken a fork
3059 4 is eating
3059 14 is thinking
3059 18 is eating
3059 20 has taken a fork
3060 9 is sleeping
3060 12 is thinking
3060 15 is sleeping
3060 10 has taken a fork
3061 1 is sleeping
3061 16 has taken a fork
3061 16 is eating
3061 13 is sleeping
3063 7 is sleeping
3063 12 has taken a fork
3063 12 is eating
3062 20 is eating
3064 6 is eating
3064 2 has taken a fork
3064 2 is eating
3064 8 has taken a fork
3064 8 is eating
3065 10 is eating
3062 11 is sleeping
3062 14 has taken a fork
3066 14 is eating
3257 17 is thinking
3257 5 is thinking
3258 19 is thinking
3258 3 is thinking
3259 18 is sleeping
3260 4 is sleeping
3260 9 is thinking
3260 17 has taken a fork
3260 15 is thinking
3261 3 has taken a fork
3261 1 is thinking
3261 17 is eating
3262 15 has taken a fork
3262 16 is sleeping
3263 12 is sleeping
3263 7 is thinking
3263 13 is thinking
3264 2 is sleeping
3264 20 is sleeping
3265 1 has taken a fork
3265 1 is eating
3265 6 is sleeping
3265 7 has taken a fork
3265 7 is eating
3265 19 has taken a fork
3266 19 is eating
3266 10 is sleeping
3267 11 is thinking
3267 11 has taken a fork
3267 11 is eating
3267 3 is eating
3267 5 has taken a fork
3267 5 is eating
3267 8 is sleeping
3267 14 is sleeping
3268 9 has taken a fork
3268 9 is eating
3268 13 has taken a fork
3268 13 is eating
3269 15 is eating
3459 18 is thinking
3461 4 is thinking
3461 17 is sleeping
3461 18 has taken a fork
3462 16 is thinking
3463 12 is thinking
3464 20 is thinking
3464 2 is thinking
3465 7 is sleeping
3465 6 is thinking
3465 1 is sleeping
3466 10 is thinking
3466 2 has taken a fork
3466 19 is sleeping
3467 18 is eating
3467 11 is sleeping
3467 20 has taken a fork
3467 20 is eating
3468 3 is sleeping
3468 14 is thinking
3468 12 has taken a fork
3468 5 is sleeping
3468 6 has taken a fork
3469 6 is eating
3469 9 is sleeping
3469 2 is eating
3469 4 has taken a fork
3469 4 is eating
3470 13 is sleeping
3470 15 is sleeping
3470 8 is thinking
3470 8 has taken a fork
3471 8 is eating
3471 12 is eating
3471 14 has taken a fork
3471 14 is eating
3472 16 has taken a fork
3472 16 is eating
3472 10 has taken a fork
3472 10 is eating
3661 17 is thinking
3665 7 is thinking
3666 1 is thinking
3666 19 is thinking
3667 18 is sleeping
3667 11 is thinking
3667 20 is sleeping
3668 17 has taken a fork
3668 3 is thinking
3668 19 has taken a fork
3668 19 is eating
3668 5 is thinking
3669 9 is thinking
3670 6 is sleeping
3670 15 is thinking
3670 4 is sleeping
3671 5 has taken a fork
3671 5 is eating
3671 2 is sleeping
3671 14 is sleeping
3671 12 is sleeping
3672 10 is sleeping
3672 1 has taken a fork
3672 1 is eating
3672 13 is thinking
3672 13 has taken a fork
3672 13 is eating
3673 3 has taken a fork
3673 3 is eating
3673 11 has taken a fork
3673 11 is eating
3673 8 is sleeping
3674 9 has taken a fork
3674 9 is eating
3674 16 is sleeping
3674 7 has taken a fork
3674 7 is eating
3675 15 has taken a fork
3675 15 is eating
3675 17 is eating
3867 20 is thinking
3867 18 is thinking
3868 19 is sleeping
3869 20 has taken a fork
3870 4 is thinking
3870 6 is thinking
3871 2 is thinking
3871 14 is thinking
3871 12 is thinking
3871 5 is sleeping
3872 1 is sleeping
3872 6 has taken a fork
3873 11 is sleeping
3873 8 is thinking
3874 3 is sleeping
3874 16 is thinking
3874 10 is thinking
3874 2 has taken a fork
3874 2 is eating
3874 13 is sleeping
3874 7 is sleeping
3875 9 is sleeping
3875 20 is eating
3875 4 has taken a fork
3875 4 is eating
3876 15 is sleeping
3876 6 is eating
3876 12 has taken a fork
3877 12 is eating
3877 8 has taken a fork
3877 8 is eating
3877 10 has taken a fork
3877 10 is eating
3878 14 has taken a fork
3878 14 is eating
3878 17 is sleeping
3878 18 has taken a fork
3878 18 is eating
3878 16 has taken a fork
3879 16 is eating
4069 19 is thinking
4071 5 is thinking
4072 1 is thinking
4073 11 is thinking
4074 13 is thinking
4074 3 is thinking
4075 20 is sleeping
4075 1 has taken a fork
4075 1 is eating
4075 9 is thinking
4076 7 is thinking
4076 19 has taken a fork
4076 2 is sleeping
4076 4 is sleeping
4076 6 is sleeping
4077 10 is sleeping
4077 15 is thinking
4077 3 has taken a fork
4078 3 is eating
4078 5 has taken a fork
4078 5 is eating
4078 8 is sleeping
4079 18 is sleeping
4079 14 is sleeping
4079 12 is sleeping
4080 11 has taken a fork
4080 11 is eating
4080 17 is thinking
4080 17 has taken a fork
4080 7 has taken a fork
4080 9 has taken a fork
4080 16 is sleeping
