==69439== Helgrind, a thread error detector
==69439== Copyright (C) 2007-2017, and GNU GPL'd, by OpenWorks LLP et al.
==69439== Using Valgrind-3.18.1 and LibVEX; rerun with -h for copyright info
==69439== Command: ./philo 2 800 200 200 10
==69439== Parent PID: 69262
==69439== 
==69439== 
==69439== Use --history-level=approx or =none to gain increased speed, at
==69439== the cost of reduced accuracy of conflicting-access information
==69439== For lists of detected and suppressed errors, rerun with: -s
==69439== ERROR SUMMARY: 0 errors from 0 contexts (suppressed: 380744 from 95)
ping
807 1 has taken a fork
807 1 is eating
1007 1 is sleeping
1007 2 is thinking
1007 2 has taken a fork
1007 2 is eating
1207 2 is sleeping
1207 1 is thinking
1207 1 has taken a fork
1207 1 is eating
1407 2 is thinking
1407 1 is sleeping
1407 2 has taken a fork
1407 2 is eating
1607 1 is thinking
1607 1 has taken a fork
1607 2 is sleeping
1607 1 is eating
1807 1 is sleeping
1807 2 is thinking
1807 2 has taken a fork
1807 2 is eating
2007 2 is sleeping
2007 1 is thinking
2007 1 has taken a fork
2007 1 is eating
2207 1 is sleeping
2207 2 is thinking
2207 2 has taken a fork
2207 2 is eating
2407 1 is thinking
2407 2 is sleeping
2407 1 has taken a fork
2407 1 is eating
2607 1 is sleeping
2607 2 is thinking
2607 2 has taken a fork
2607 2 is eating
2807 1 is thinking
2807 2 is sleeping
2807 1 has taken a fork
2807 1 is eating
3007 2 is thinking
3007 1 is sleeping
3007 2 has taken a fork
3007 2 is eating
3207 1 is thinking
3207 2 is sleeping
3207 1 has taken a fork
3207 1 is eating
3407 2 is thinking
3407 1 is sleeping
3407 2 has taken a fork
3407 2 is eating
3607 2 is sleeping
3607 1 is thinking
3607 1 has taken a fork
3607 1 is eating
3807 2 is thinking
3807 1 is sleeping
3807 2 has taken a fork
3807 2 is eating
-----------------------------------------------------
-----------------------------------------------------
