==69391== Helgrind, a thread error detector
==69391== Copyright (C) 2007-2017, and GNU GPL'd, by OpenWorks LLP et al.
==69391== Using Valgrind-3.18.1 and LibVEX; rerun with -h for copyright info
==69391== Command: ./philo 5 80 20 20 10
==69391== Parent PID: 69262
==69391== 
==69391== 
==69391== Use --history-level=approx or =none to gain increased speed, at
==69391== the cost of reduced accuracy of conflicting-access information
==69391== For lists of detected and suppressed errors, rerun with: -s
==69391== ERROR SUMMARY: 0 errors from 0 contexts (suppressed: 11753 from 109)
 a fork
47 4 is sleeping
47 1 is sleeping
48 2 has taken a fork
48 2 is eating
48 3 has taken a fork
48 5 is eating
67 1 is thinking
67 4 is thinking
68 5 is sleeping
68 2 is sleeping
69 1 has taken a fork
69 1 is eating
69 3 is eating
88 2 is thinking
88 5 is thinking
89 3 is sleeping
89 1 is sleeping
89 5 has taken a fork
90 5 is eating
90 2 has taken a fork
90 2 is eating
90 4 has taken a fork
108 4 died
-----------------------------------------------------
-----------------------------------------------------
