==69313== Helgrind, a thread error detector
==69313== Copyright (C) 2007-2017, and GNU GPL'd, by OpenWorks LLP et al.
==69313== Using Valgrind-3.18.1 and LibVEX; rerun with -h for copyright info
==69313== Command: ./philo 2 80 20 20 10
==69313== Parent PID: 69262
==69313== 
==69313== 
==69313== Use --history-level=approx or =none to gain increased speed, at
==69313== the cost of reduced accuracy of conflicting-access information
==69313== For lists of detected and suppressed errors, rerun with: -s
==69313== ERROR SUMMARY: 0 errors from 0 contexts (suppressed: 37801 from 95)
 taken a fork
86 1 is eating
106 1 is sleeping
106 2 is thinking
106 2 has taken a fork
106 2 is eating
126 1 is thinking
126 2 is sleeping
126 1 has taken a fork
126 1 is eating
146 2 is thinking
146 1 is sleeping
146 2 has taken a fork
146 2 is eating
166 1 is thinking
166 2 is sleeping
166 1 has taken a fork
166 1 is eating
186 2 is thinking
186 1 is sleeping
186 2 has taken a fork
186 2 is eating
206 2 is sleeping
206 1 is thinking
206 1 has taken a fork
206 1 is eating
226 1 is sleeping
226 2 is thinking
226 2 has taken a fork
226 2 is eating
246 1 is thinking
246 2 is sleeping
246 1 has taken a fork
246 1 is eating
266 1 is sleeping
266 2 is thinking
266 2 has taken a fork
266 2 is eating
286 1 is thinking
286 2 is sleeping
286 1 has taken a fork
286 1 is eating
306 2 is thinking
306 1 is sleeping
306 2 has taken a fork
306 2 is eating
326 1 is thinking
326 1 has taken a fork
326 2 is sleeping
327 1 is eating
346 2 is thinking
347 1 is sleeping
347 2 has taken a fork
347 2 is eating
367 1 is thinking
367 2 is sleeping
367 1 has taken a fork
367 1 is eating
387 1 is sleeping
387 2 is thinking
387 2 has taken a fork
387 2 is eating
407 2 is sleeping
407 1 is thinking
407 1 has taken a fork
407 1 is eating
-----------------------------------------------------
-----------------------------------------------------
